This is pdfTeX, Version 3.14159265-2.6-1.40.18 (TeX Live 2017/Debian) (preloaded format=pdflatex 2017.6.25)  30 JUN 2017 16:46
entering extended mode
 \write18 enabled.
 %&-line parsing enabled.
**bach1013.ly
(./bach1013.ly
LaTeX2e <2017/01/01> patch level 3
Babel <3.9r> and hyphenation patterns for 83 language(s) loaded.
\@input{".aux}
! I can't write on file `".aux "'.
<to be read again> 
                   \immediate 
l.1 \include "
              custom.ly"
(Press Enter to retry, or Control-D to exit; default file extension is `.tex')
Please type another output file name: 
! I can't write on file `".aux "'.
<to be read again> 
                   \immediate 
l.1 \include "
              custom.ly"
(Press Enter to retry, or Control-D to exit; default file extension is `.tex')
Please type another output file name: X
\openout2 = `X.tex'.

No file ".tex.

! LaTeX Error: Missing \begin{document}.

See the LaTeX manual or LaTeX Companion for explanation.
Type  H <return>  for immediate help.
 ...                                              
                                                  
l.1 \include "c
               ustom.ly"
? X
 
Here is how much of TeX's memory you used:
 10 strings out of 493012
 287 string characters out of 6135673
 53687 words of memory out of 5000000
 3649 multiletter control sequences out of 15000+600000
 3640 words of font info for 14 fonts, out of 8000000 for 9000
 1141 hyphenation exceptions out of 8191
 9i,0n,5p,47b,14s stack positions out of 5000i,500n,10000p,200000b,80000s
No pages of output.
PDF statistics:
 0 PDF objects out of 1000 (max. 8388607)
 0 named destinations out of 1000 (max. 500000)
 1 words of extra memory for PDF output out of 10000 (max. 10000000)

