This is pdfTeX, Version 3.14159265-2.6-1.40.18 (TeX Live 2017/Debian) (preloaded format=pdflatex 2017.8.19)  6 SEP 2017 01:56
entering extended mode
 \write18 enabled.
 %&-line parsing enabled.
**vista.ly
(./vista.ly
LaTeX2e <2017/01/01> patch level 3
Babel <3.9r> and hyphenation patterns for 83 language(s) loaded.
\@input{".aux}
! I can't write on file `".aux "'.
<to be read again> 
                   \immediate 
l.1 \include "
              custom.ly"
(Press Enter to retry, or Control-D to exit; default file extension is `.tex')
Please type another output file name: 
! Emergency stop.
<to be read again> 
                   \immediate 
l.1 \include "
              custom.ly"
End of file on the terminal!

 
Here is how much of TeX's memory you used:
 7 strings out of 493012
 134 string characters out of 6135673
 53279 words of memory out of 5000000
 3649 multiletter control sequences out of 15000+600000
 3640 words of font info for 14 fonts, out of 8000000 for 9000
 1141 hyphenation exceptions out of 8191
 9i,0n,4p,31b,14s stack positions out of 5000i,500n,10000p,200000b,80000s
!  ==> Fatal error occurred, no output PDF file produced!
