This is pdfTeX, Version 3.14159265-2.6-1.40.17 (TeX Live 2016/Debian) (preloaded format=pdflatex 2016.7.3)  5 SEP 2016 22:39
entering extended mode
 restricted \write18 enabled.
 %&-line parsing enabled.
**canticorum_iubilo.ly
(./canticorum_iubilo.ly
LaTeX2e <2016/03/31> patch level 1
Babel <3.9r> and hyphenation patterns for 82 language(s) loaded.
! Undefined control sequence.
l.1 \version
             "2.18.2"
? 
! Interruption.
<to be read again> 
                   "
l.1 \version "
              2.18.2"
? X
 
Here is how much of TeX's memory you used:
 6 strings out of 493023
 175 string characters out of 6136253
 53194 words of memory out of 5000000
 3647 multiletter control sequences out of 15000+600000
 3640 words of font info for 14 fonts, out of 8000000 for 9000
 1141 hyphenation exceptions out of 8191
 5i,0n,1p,42b,8s stack positions out of 5000i,500n,10000p,200000b,80000s
No pages of output.
PDF statistics:
 0 PDF objects out of 1000 (max. 8388607)
 0 named destinations out of 1000 (max. 500000)
 1 words of extra memory for PDF output out of 10000 (max. 10000000)

