This is XeTeX, Version 3.14159265-2.6-0.99991 (TeX Live 2014/Debian) (preloaded format=xelatex 2014.7.15)  17 OCT 2014 09:06
entering extended mode
 restricted \write18 enabled.
 %&-line parsing enabled.
**prel4.ly
(./prel4.ly
LaTeX2e <2014/05/01>
Babel <3.9k> and hyphenation patterns for 78 languages loaded.
! Undefined control sequence.
l.1 \version
             "2.18.0"
? 
! Interruption.
<to be read again> 
                   "
l.1 \version "
              2.18.0"
? X
 
Here is how much of TeX's memory you used:
 5 strings out of 493734
 35 string characters out of 6148312
 52944 words of memory out of 5000000
 3428 multiletter control sequences out of 15000+600000
 3640 words of font info for 14 fonts, out of 8000000 for 9000
 1328 hyphenation exceptions out of 8191
 5i,0n,1p,30b,8s stack positions out of 5000i,500n,10000p,200000b,80000s
No pages of output.
