This is XeTeX, Version 3.14159265-2.6-0.99992 (TeX Live 2015/dev/Debian) (preloaded format=xelatex 2014.12.25)  27 APR 2015 16:06
entering extended mode
 restricted \write18 enabled.
 %&-line parsing enabled.
**st4.ly
(./st4.ly
LaTeX2e <2014/05/01>
Babel <3.9l> and hyphenation patterns for 79 languages loaded.
! Undefined control sequence.
l.1 \version
             "2.18.0"
? C
Type <return> to proceed, S to scroll future error messages,
R to run without stopping, Q to run quietly,
I to insert something, E to edit your file,
1 or ... or 9 to ignore the next 1 to 9 tokens of input,
H for help, X to quit.
? X
 
Here is how much of TeX's memory you used:
 5 strings out of 493727
 27 string characters out of 6147889
 53018 words of memory out of 5000000
 3432 multiletter control sequences out of 15000+600000
 3640 words of font info for 14 fonts, out of 8000000 for 9000
 1328 hyphenation exceptions out of 8191
 5i,0n,1p,28b,8s stack positions out of 5000i,500n,10000p,200000b,80000s
No pages of output.
